<?xml version="1.0" encoding="UTF-8"?>
<testsuite name="Registro de usuario en Advantage" tests="1" skipped="0" failures="1" errors="0" timestamp="2023-02-18T23:30:27" hostname="DESKTOP-STS3HQI" time="7.435">
  <properties/>
  <testcase name="Escenario: Registro Usuario Exitoso" classname="Registro de usuario en Advantage" time="7.435">
    <failure message="java.lang.IllegalArgumentException: Superclass has no null constructors but no arguments were given" type="java.lang.IllegalArgumentException">java.lang.IllegalArgumentException: Superclass has no null constructors but no arguments were given
	at net.sf.cglib.proxy.Enhancer.emitConstructors(Enhancer.java:931)
	at net.sf.cglib.proxy.Enhancer.generateClass(Enhancer.java:631)
	at net.sf.cglib.core.DefaultGeneratorStrategy.generate(DefaultGeneratorStrategy.java:25)
	at net.sf.cglib.core.AbstractClassGenerator.generate(AbstractClassGenerator.java:332)
	at net.sf.cglib.proxy.Enhancer.generate(Enhancer.java:492)
	at net.sf.cglib.core.AbstractClassGenerator$ClassLoaderData$3.apply(AbstractClassGenerator.java:96)
	at net.sf.cglib.core.AbstractClassGenerator$ClassLoaderData$3.apply(AbstractClassGenerator.java:94)
	at net.sf.cglib.core.internal.LoadingCache$2.call(LoadingCache.java:54)
	at java.base/java.util.concurrent.FutureTask.run(FutureTask.java:264)
	at net.sf.cglib.core.internal.LoadingCache.createEntry(LoadingCache.java:61)
	at net.sf.cglib.core.internal.LoadingCache.get(LoadingCache.java:34)
	at net.sf.cglib.core.AbstractClassGenerator$ClassLoaderData.get(AbstractClassGenerator.java:119)
	at net.sf.cglib.core.AbstractClassGenerator.create(AbstractClassGenerator.java:294)
	at net.sf.cglib.proxy.Enhancer.createHelper(Enhancer.java:480)
	at net.sf.cglib.proxy.Enhancer.create(Enhancer.java:305)
	at net.thucydides.core.steps.StepFactory.createProxyStepLibrary(StepFactory.java:207)
	at net.thucydides.core.steps.StepFactory.instantiateUniqueStepLibraryFor(StepFactory.java:179)
	at net.thucydides.core.steps.StepFactory.getUniqueStepLibraryFor(StepFactory.java:115)
	at net.serenitybdd.screenplay.Tasks.instrumented(Tasks.java:12)
	at com.advantageonlineshopping.pruebas.tasks.IngresarDatos.inicioSesion(IngresarDatos.java:46)
	at com.advantageonlineshopping.pruebas.stepdefinition.RegistroUsuarioStepDefinition.llenaSusDatos(RegistroUsuarioStepDefinition.java:42)
	at ✽.llena sus datos(src/test/resources/features/RegistroUsuario.feature:6)
</failure>
  </testcase>
  <system-out><![CDATA[]]></system-out>
  <system-err><![CDATA[Starting ChromeDriver 109.0.5414.74 (e7c5703604daa9cc128ccf5a5d3e993513758913-refs/branch-heads/5414@{#1172}) on port 14919
Only local connections are allowed.
Please see https://chromedriver.chromium.org/security-considerations for suggestions on keeping ChromeDriver safe.
ChromeDriver was started successfully.
feb. 18, 2023 6:30:29 P. M. org.openqa.selenium.remote.ProtocolHandshake createSession
INFO: Detected dialect: W3C
]]></system-err>
</testsuite>
