<?xml version="1.0" encoding="UTF-8"?><testsuite errors="1" failures="0" name="Registro de usuario en Advantage" skipped="0" tests="1" time="5.52" timestamp="2023-02-18 06:30:27"><testcase name="Escenario"><error message="Superclass has no null constructors but no arguments were given" type="java.lang.IllegalArgumentException">Superclass has no null constructors but no arguments were given</error><system-err>Superclass has no null constructors but no arguments were given&#13;
com.advantageonlineshopping.pruebas.tasks.IngresarDatos.inicioSesion(IngresarDatos.java:46)&#13;
com.advantageonlineshopping.pruebas.stepdefinition.RegistroUsuarioStepDefinition.llenaSusDatos(RegistroUsuarioStepDefinition.java:42)&#13;
✽.llena sus datos(src/test/resources/features/RegistroUsuario.feature:6)&#13;
</system-err></testcase></testsuite>