<?xml version="1.0" encoding="UTF-8"?><testsuite errors="0" failures="1" name="Registro de usuario en Advantage" skipped="0" tests="1" time="26.61" timestamp="2023-02-18 04:26:39"><testcase name="Registro Usuario Exitoso"><failure message="Expected enabled element was not enabled" type="net.thucydides.core.webdriver.exceptions.ElementShouldBeEnabledException">Expected enabled element was not enabled</failure><system-err>Expected enabled element was not enabled&#13;
com.advantageonlineshopping.pruebas.tasks.IngresarDatos.performAs(IngresarDatos.java:24)&#13;
com.advantageonlineshopping.pruebas.stepdefinition.RegistroUsuarioStepDefinition.llenoTodosMisDatos(RegistroUsuarioStepDefinition.java:33)&#13;
cucumber.runner.Runner.runPickle(Runner.java:80)&#13;
worker.org.gradle.process.internal.worker.GradleWorkerMain.run(GradleWorkerMain.java:69)&#13;
worker.org.gradle.process.internal.worker.GradleWorkerMain.main(GradleWorkerMain.java:74)&#13;
</system-err></testcase></testsuite>